#
# A fatal error has been detected by the Java Runtime Environment:
#
#  EXCEPTION_ACCESS_VIOLATION (0xc0000005) at pc=0x0000027015721066, pid=11860, tid=0x0000000000003ca8
#
# JRE version: OpenJDK Runtime Environment (8.0_402-b06) (build 1.8.0_402-b06)
# Java VM: OpenJDK 64-Bit Server VM (25.402-b06 mixed mode windows-amd64 compressed oops)
# Problematic frame:
# C  [OpenAL64.dll+0x11066]
#
# Failed to write core dump. Minidumps are not enabled by default on client versions of Windows
#
# If you would like to submit a bug report, please visit:
#   https://github.com/adoptium/adoptium-support/issues
# The crash happened outside the Java Virtual Machine in native code.
# See problematic frame for where to report the bug.
#

---------------  T H R E A D  ---------------

Current thread (0x000002700ab70800):  JavaThread "Thread-8" [_thread_in_native, id=15528, stack(0x000000ec2ec00000,0x000000ec2ed00000)]

siginfo: ExceptionCode=0xc0000005, reading address 0x000002700eb83004

Registers:
RAX=0x0000000000000004, RBX=0x000002701bce0090, RCX=0x000002700eb83008, RDX=0x000002700eb83004
RSP=0x000000ec2ecfeae0, RBP=0x00000000000000ff, RSI=0x000002700eb82d2c, RDI=0x0000000000000000
R8 =0x00000000000000b6, R9 =0x000002700eb82d2c, R10=0x0000027067ca495b, R11=0x0000000073a48ff0
R12=0x0000000000000001, R13=0x00000270153879e8, R14=0x000000ec2ecfec78, R15=0x000002700ab70800
RIP=0x0000027015721066, EFLAGS=0x0000000000010202

Top of Stack: (sp=0x000000ec2ecfeae0)
0x000000ec2ecfeae0:   0000000000000000 000002700ab70800
0x000000ec2ecfeaf0:   000000ec2ecfec78 00000270153879e8
0x000000ec2ecfeb00:   00000270153879e8 0000000000000000
0x000000ec2ecfeb10:   000002700ab70800 0000000000000000
0x000000ec2ecfeb20:   000000ec2ecfec40 00000000738df2bb
0x000000ec2ecfeb30:   000000ec2ecfeb60 0000027067cdadb2
0x000000ec2ecfeb40:   0000027004389dd0 00000270033616a0
0x000000ec2ecfeb50:   000002700ab70800 000000ec2ecfec78
0x000000ec2ecfeb60:   00000270153879e8 0000000000000000
0x000000ec2ecfeb70:   000002700eb82d2c 00000006c2013d70
0x000000ec2ecfeb80:   000000ec2ecfec40 000002701572248f
0x000000ec2ecfeb90:   000002701bce0090 000002701bce0090
0x000000ec2ecfeba0:   000002700000ac44 0000027000000004
0x000000ec2ecfebb0:   0000000000000010 0000027067ca4987
0x000000ec2ecfebc0:   00000270153879e8 0000027067ca42c5
0x000000ec2ecfebd0:   00000270153879e8 000000ec2ecfec40 

Instructions: (pc=0x0000027015721066)
0x0000027015721046:   41 2b ec 81 3a 03 00 02 00 75 09 8b 01 89 84 24
0x0000027015721056:   c8 00 00 00 49 83 c0 02 48 83 c1 08 4a 8d 14 86
0x0000027015721066:   39 3a 75 af 4c 8d 84 24 c0 00 00 00 48 8d 15 d7
0x0000027015721076:   2b 03 00 33 c9 e8 58 5f 00 00 b8 40 1f 00 00 4c 


Register to memory mapping:

RAX=0x0000000000000004 is an unknown value
RBX=0x000002701bce0090 is an unknown value
RCX=0x000002700eb83008 is an unknown value
RDX=0x000002700eb83004 is an unknown value
RSP=0x000000ec2ecfeae0 is pointing into the stack for thread: 0x000002700ab70800
RBP=0x00000000000000ff is an unknown value
RSI=0x000002700eb82d2c is an unknown value
RDI=0x0000000000000000 is an unknown value
R8 =0x00000000000000b6 is an unknown value
R9 =0x000002700eb82d2c is an unknown value
R10=0x0000027067ca495b is at code_begin+1915 in an Interpreter codelet
method entry point (kind = native)  [0x0000027067ca41e0, 0x0000027067ca54c0]  4832 bytes
R11=0x0000000073a48ff0 is an unknown value
R12=0x0000000000000001 is an unknown value
R13={method} {0x00000270153879f0} 'nalcCreateContext' '(JJ)J' in 'org/lwjgl/openal/ALC10'
R14=0x000000ec2ecfec78 is pointing into the stack for thread: 0x000002700ab70800
R15=0x000002700ab70800 is a thread


Stack: [0x000000ec2ec00000,0x000000ec2ed00000],  sp=0x000000ec2ecfeae0,  free space=1018k
Native frames: (J=compiled Java code, j=interpreted, Vv=VM code, C=native code)
C  [OpenAL64.dll+0x11066]
C  [OpenAL64.dll+0x1248f]
C  0x0000027067ca4987

Java frames: (J=compiled Java code, j=interpreted, Vv=VM code)
j  org.lwjgl.openal.ALC10.nalcCreateContext(JJ)J+0
j  org.lwjgl.openal.ALC10.alcCreateContext(Lorg/lwjgl/openal/ALCdevice;Ljava/nio/IntBuffer;)Lorg/lwjgl/openal/ALCcontext;+8
j  org.lwjgl.openal.AL.init(Ljava/lang/String;IIZZ)V+69
j  org.lwjgl.openal.AL.create(Ljava/lang/String;IIZZ)V+227
j  org.lwjgl.openal.AL.create(Ljava/lang/String;IIZ)V+5
j  org.lwjgl.openal.AL.create()V+6
j  paulscode.sound.libraries.LibraryLWJGLOpenAL.init()V+2
j  paulscode.sound.SoundSystem.CommandNewLibrary(Ljava/lang/Class;)V+273
j  paulscode.sound.SoundSystem.CommandQueue(Lpaulscode/sound/CommandObject;)Z+1206
j  paulscode.sound.CommandThread.run()V+51
v  ~StubRoutines::call_stub

---------------  P R O C E S S  ---------------

Java Threads: ( => current thread )
  0x0000027005fc5800 JavaThread "Thread-9" [_thread_blocked, id=13520, stack(0x000000ec2ed00000,0x000000ec2ee00000)]
=>0x000002700ab70800 JavaThread "Thread-8" [_thread_in_native, id=15528, stack(0x000000ec2ec00000,0x000000ec2ed00000)]
  0x000002700ab6f800 JavaThread "Sound Library Loader" [_thread_blocked, id=5584, stack(0x000000ec2eb00000,0x000000ec2ec00000)]
  0x000002700ab6e000 JavaThread "Forge Version Check" [_thread_in_native, id=7248, stack(0x000000ec2ea00000,0x000000ec2eb00000)]
  0x000002700ab6c800 JavaThread "LWJGL Timer" daemon [_thread_blocked, id=1584, stack(0x000000ec2e900000,0x000000ec2ea00000)]
  0x000002700ab69800 JavaThread "Thread-6" [_thread_blocked, id=10664, stack(0x000000ec2e700000,0x000000ec2e800000)]
  0x000002700ab6a000 JavaThread "Java2D Disposer" daemon [_thread_blocked, id=16048, stack(0x000000ec2df00000,0x000000ec2e000000)]
  0x000002700ab6b800 JavaThread "Timer hack thread" daemon [_thread_blocked, id=16248, stack(0x000000ec2de00000,0x000000ec2df00000)]
  0x000002700ab6b000 JavaThread "Snooper Timer" daemon [_thread_blocked, id=12776, stack(0x000000ec2dd00000,0x000000ec2de00000)]
  0x00000270033d5000 JavaThread "Service Thread" daemon [_thread_blocked, id=12996, stack(0x000000ec2db00000,0x000000ec2dc00000)]
  0x0000027003338800 JavaThread "C1 CompilerThread3" daemon [_thread_blocked, id=15928, stack(0x000000ec2da00000,0x000000ec2db00000)]
  0x0000027003338000 JavaThread "C2 CompilerThread2" daemon [_thread_in_native, id=3528, stack(0x000000ec2d900000,0x000000ec2da00000)]
  0x0000027003337000 JavaThread "C2 CompilerThread1" daemon [_thread_in_native, id=5448, stack(0x000000ec2d800000,0x000000ec2d900000)]
  0x000002700332d800 JavaThread "C2 CompilerThread0" daemon [_thread_in_native, id=15776, stack(0x000000ec2d700000,0x000000ec2d800000)]
  0x000002707fe8b800 JavaThread "JDWP Command Reader" daemon [_thread_in_native, id=15832, stack(0x000000ec2d600000,0x000000ec2d700000)]
  0x000002707fe81800 JavaThread "JDWP Event Helper Thread" daemon [_thread_blocked, id=15624, stack(0x000000ec2d500000,0x000000ec2d600000)]
  0x000002707fe6e000 JavaThread "JDWP Transport Listener: dt_socket" daemon [_thread_blocked, id=1100, stack(0x000000ec2d400000,0x000000ec2d500000)]
  0x000002707fe61800 JavaThread "Attach Listener" daemon [_thread_blocked, id=15652, stack(0x000000ec2d300000,0x000000ec2d400000)]
  0x000002707fe5d000 JavaThread "Signal Dispatcher" daemon [_thread_blocked, id=15668, stack(0x000000ec2d200000,0x000000ec2d300000)]
  0x000002707fe32800 JavaThread "Finalizer" daemon [_thread_blocked, id=14844, stack(0x000000ec2d100000,0x000000ec2d200000)]
  0x000002707fe2b000 JavaThread "Reference Handler" daemon [_thread_blocked, id=15620, stack(0x000000ec2d000000,0x000000ec2d100000)]
  0x000002706618a800 JavaThread "Client thread" [_thread_in_native, id=6660, stack(0x000000ec2c400000,0x000000ec2c500000)]

Other Threads:
  0x000002707fe04800 VMThread [stack: 0x000000ec2cf00000,0x000000ec2d000000] [id=8224]
  0x0000027003392000 WatcherThread [stack: 0x000000ec2dc00000,0x000000ec2dd00000] [id=9056]

VM state:not at safepoint (normal execution)

VM Mutex/Monitor currently owned by a thread: None

heap address: 0x00000006c2000000, size: 4064 MB, Compressed Oops mode: Zero based, Oop shift amount: 3
Narrow klass base: 0x0000000000000000, Narrow klass shift: 3
Compressed class space size: 1073741824 Address: 0x00000007c0000000

Heap:
 PSYoungGen      total 275968K, used 167694K [0x000000076b580000, 0x0000000781180000, 0x00000007c0000000)
  eden space 219136K, 76% used [0x000000076b580000,0x0000000775943850,0x0000000778b80000)
  from space 56832K, 0% used [0x000000077c980000,0x000000077c980000,0x0000000780100000)
  to   space 63488K, 0% used [0x0000000778b80000,0x0000000778b80000,0x000000077c980000)
 ParOldGen       total 251392K, used 99237K [0x00000006c2000000, 0x00000006d1580000, 0x000000076b580000)
  object space 251392K, 39% used [0x00000006c2000000,0x00000006c80e9778,0x00000006d1580000)
 Metaspace       used 28342K, capacity 28605K, committed 28928K, reserved 1075200K
  class space    used 3437K, capacity 3545K, committed 3584K, reserved 1048576K

Card table byte_map: [0x0000027077040000,0x0000027077840000] byte_map_base: 0x0000027073a30000

Marking Bits: (ParMarkBitMap*) 0x0000000074020850
 Begin Bits: [0x0000027077d90000, 0x000002707bd10000)
 End Bits:   [0x000002707bd10000, 0x000002707fc90000)

Polling page: 0x0000027066110000

CodeCache: size=245760Kb used=13127Kb max_used=13667Kb free=232632Kb
 bounds [0x0000027067c80000, 0x0000027068ab0000, 0x0000027076c80000]
 total_blobs=3710 nmethods=3081 adapters=548
 compilation: enabled

Compilation events (10 events):
Event: 10.236 Thread 0x0000027003338000 nmethod 3824 0x0000027067f3f910 code [0x0000027067f3faa0, 0x0000027067f40538]
Event: 10.236 Thread 0x0000027003338000 3826       4       net.minecraftforge.classloading.FluidIdTransformer::transform (245 bytes)
Event: 10.257 Thread 0x0000027003338800 3828       3       java.lang.Throwable::<init> (34 bytes)
Event: 10.257 Thread 0x0000027003338800 nmethod 3828 0x0000027067ef6950 code [0x0000027067ef6ac0, 0x0000027067ef6dd0]
Event: 10.258 Thread 0x0000027003338800 3829       3       java.lang.Exception::<init> (6 bytes)
Event: 10.258 Thread 0x0000027003338800 nmethod 3829 0x0000027067ebad10 code [0x0000027067ebae80, 0x0000027067ebb1f0]
Event: 10.259 Thread 0x0000027003338800 3830       3       java.util.regex.Pattern$5::isSatisfiedBy (28 bytes)
Event: 10.259 Thread 0x0000027003338800 nmethod 3830 0x0000027067ee3650 code [0x0000027067ee37e0, 0x0000027067ee3b80]
Event: 10.267 Thread 0x0000027003338000 nmethod 3826 0x00000270682c9dd0 code [0x00000270682ca040, 0x00000270682cb780]
Event: 10.267 Thread 0x0000027003338000 3827       4       org.objectweb.asm.MethodWriter::visitMaxs (1159 bytes)

GC Heap History (10 events):
Event: 6.811 GC heap before
{Heap before GC invocations=13 (full 2):
 PSYoungGen      total 146432K, used 146431K [0x000000076b580000, 0x0000000776f00000, 0x00000007c0000000)
  eden space 130560K, 100% used [0x000000076b580000,0x0000000773500000,0x0000000773500000)
  from space 15872K, 99% used [0x0000000774900000,0x000000077587fe28,0x0000000775880000)
  to   space 20480K, 0% used [0x0000000773500000,0x0000000773500000,0x0000000774900000)
 ParOldGen       total 129536K, used 34474K [0x00000006c2000000, 0x00000006c9e80000, 0x000000076b580000)
  object space 129536K, 26% used [0x00000006c2000000,0x00000006c41aa830,0x00000006c9e80000)
 Metaspace       used 25489K, capacity 25743K, committed 25984K, reserved 1073152K
  class space    used 3087K, capacity 3150K, committed 3200K, reserved 1048576K
Event: 6.824 GC heap after
Heap after GC invocations=13 (full 2):
 PSYoungGen      total 151040K, used 20452K [0x000000076b580000, 0x0000000779980000, 0x00000007c0000000)
  eden space 130560K, 0% used [0x000000076b580000,0x000000076b580000,0x0000000773500000)
  from space 20480K, 99% used [0x0000000773500000,0x00000007748f91d8,0x0000000774900000)
  to   space 30208K, 0% used [0x0000000777c00000,0x0000000777c00000,0x0000000779980000)
 ParOldGen       total 129536K, used 53138K [0x00000006c2000000, 0x00000006c9e80000, 0x000000076b580000)
  object space 129536K, 41% used [0x00000006c2000000,0x00000006c53e48e0,0x00000006c9e80000)
 Metaspace       used 25489K, capacity 25743K, committed 25984K, reserved 1073152K
  class space    used 3087K, capacity 3150K, committed 3200K, reserved 1048576K
}
Event: 7.727 GC heap before
{Heap before GC invocations=14 (full 2):
 PSYoungGen      total 151040K, used 151012K [0x000000076b580000, 0x0000000779980000, 0x00000007c0000000)
  eden space 130560K, 100% used [0x000000076b580000,0x0000000773500000,0x0000000773500000)
  from space 20480K, 99% used [0x0000000773500000,0x00000007748f91d8,0x0000000774900000)
  to   space 30208K, 0% used [0x0000000777c00000,0x0000000777c00000,0x0000000779980000)
 ParOldGen       total 129536K, used 53138K [0x00000006c2000000, 0x00000006c9e80000, 0x000000076b580000)
  object space 129536K, 41% used [0x00000006c2000000,0x00000006c53e48e0,0x00000006c9e80000)
 Metaspace       used 25496K, capacity 25743K, committed 25984K, reserved 1073152K
  class space    used 3087K, capacity 3150K, committed 3200K, reserved 1048576K
Event: 7.743 GC heap after
Heap after GC invocations=14 (full 2):
 PSYoungGen      total 192512K, used 30198K [0x000000076b580000, 0x000000077b100000, 0x00000007c0000000)
  eden space 162304K, 0% used [0x000000076b580000,0x000000076b580000,0x0000000775400000)
  from space 30208K, 99% used [0x0000000777c00000,0x000000077997d8f8,0x0000000779980000)
  to   space 40960K, 0% used [0x0000000775400000,0x0000000775400000,0x0000000777c00000)
 ParOldGen       total 129536K, used 68939K [0x00000006c2000000, 0x00000006c9e80000, 0x000000076b580000)
  object space 129536K, 53% used [0x00000006c2000000,0x00000006c6352ff0,0x00000006c9e80000)
 Metaspace       used 25496K, capacity 25743K, committed 25984K, reserved 1073152K
  class space    used 3087K, capacity 3150K, committed 3200K, reserved 1048576K
}
Event: 8.458 GC heap before
{Heap before GC invocations=15 (full 2):
 PSYoungGen      total 192512K, used 192502K [0x000000076b580000, 0x000000077b100000, 0x00000007c0000000)
  eden space 162304K, 100% used [0x000000076b580000,0x0000000775400000,0x0000000775400000)
  from space 30208K, 99% used [0x0000000777c00000,0x000000077997d8f8,0x0000000779980000)
  to   space 40960K, 0% used [0x0000000775400000,0x0000000775400000,0x0000000777c00000)
 ParOldGen       total 129536K, used 68939K [0x00000006c2000000, 0x00000006c9e80000, 0x000000076b580000)
  object space 129536K, 53% used [0x00000006c2000000,0x00000006c6352ff0,0x00000006c9e80000)
 Metaspace       used 25545K, capacity 25743K, committed 25984K, reserved 1073152K
  class space    used 3087K, capacity 3150K, committed 3200K, reserved 1048576K
Event: 8.484 GC heap after
Heap after GC invocations=15 (full 2):
 PSYoungGen      total 203264K, used 40930K [0x000000076b580000, 0x0000000780100000, 0x00000007c0000000)
  eden space 162304K, 0% used [0x000000076b580000,0x000000076b580000,0x0000000775400000)
  from space 40960K, 99% used [0x0000000775400000,0x0000000777bf89b8,0x0000000777c00000)
  to   space 56832K, 0% used [0x000000077c980000,0x000000077c980000,0x0000000780100000)
 ParOldGen       total 129536K, used 93988K [0x00000006c2000000, 0x00000006c9e80000, 0x000000076b580000)
  object space 129536K, 72% used [0x00000006c2000000,0x00000006c7bc9198,0x00000006c9e80000)
 Metaspace       used 25545K, capacity 25743K, committed 25984K, reserved 1073152K
  class space    used 3087K, capacity 3150K, committed 3200K, reserved 1048576K
}
Event: 9.184 GC heap before
{Heap before GC invocations=16 (full 2):
 PSYoungGen      total 203264K, used 203234K [0x000000076b580000, 0x0000000780100000, 0x00000007c0000000)
  eden space 162304K, 100% used [0x000000076b580000,0x0000000775400000,0x0000000775400000)
  from space 40960K, 99% used [0x0000000775400000,0x0000000777bf89b8,0x0000000777c00000)
  to   space 56832K, 0% used [0x000000077c980000,0x000000077c980000,0x0000000780100000)
 ParOldGen       total 129536K, used 93988K [0x00000006c2000000, 0x00000006c9e80000, 0x000000076b580000)
  object space 129536K, 72% used [0x00000006c2000000,0x00000006c7bc9198,0x00000006c9e80000)
 Metaspace       used 25584K, capacity 25807K, committed 26240K, reserved 1073152K
  class space    used 3087K, capacity 3150K, committed 3200K, reserved 1048576K
Event: 9.207 GC heap after
Heap after GC invocations=16 (full 2):
 PSYoungGen      total 275968K, used 48633K [0x000000076b580000, 0x0000000781180000, 0x00000007c0000000)
  eden space 219136K, 0% used [0x000000076b580000,0x000000076b580000,0x0000000778b80000)
  from space 56832K, 85% used [0x000000077c980000,0x000000077f8fe6b8,0x0000000780100000)
  to   space 63488K, 0% used [0x0000000778b80000,0x0000000778b80000,0x000000077c980000)
 ParOldGen       total 129536K, used 109123K [0x00000006c2000000, 0x00000006c9e80000, 0x000000076b580000)
  object space 129536K, 84% used [0x00000006c2000000,0x00000006c8a90fa0,0x00000006c9e80000)
 Metaspace       used 25584K, capacity 25807K, committed 26240K, reserved 1073152K
  class space    used 3087K, capacity 3150K, committed 3200K, reserved 1048576K
}
Event: 9.207 GC heap before
{Heap before GC invocations=17 (full 3):
 PSYoungGen      total 275968K, used 48633K [0x000000076b580000, 0x0000000781180000, 0x00000007c0000000)
  eden space 219136K, 0% used [0x000000076b580000,0x000000076b580000,0x0000000778b80000)
  from space 56832K, 85% used [0x000000077c980000,0x000000077f8fe6b8,0x0000000780100000)
  to   space 63488K, 0% used [0x0000000778b80000,0x0000000778b80000,0x000000077c980000)
 ParOldGen       total 129536K, used 109123K [0x00000006c2000000, 0x00000006c9e80000, 0x000000076b580000)
  object space 129536K, 84% used [0x00000006c2000000,0x00000006c8a90fa0,0x00000006c9e80000)
 Metaspace       used 25584K, capacity 25807K, committed 26240K, reserved 1073152K
  class space    used 3087K, capacity 3150K, committed 3200K, reserved 1048576K
Event: 9.264 GC heap after
Heap after GC invocations=17 (full 3):
 PSYoungGen      total 275968K, used 0K [0x000000076b580000, 0x0000000781180000, 0x00000007c0000000)
  eden space 219136K, 0% used [0x000000076b580000,0x000000076b580000,0x0000000778b80000)
  from space 56832K, 0% used [0x000000077c980000,0x000000077c980000,0x0000000780100000)
  to   space 63488K, 0% used [0x0000000778b80000,0x0000000778b80000,0x000000077c980000)
 ParOldGen       total 251392K, used 99237K [0x00000006c2000000, 0x00000006d1580000, 0x000000076b580000)
  object space 251392K, 39% used [0x00000006c2000000,0x00000006c80e9778,0x00000006d1580000)
 Metaspace       used 25584K, capacity 25807K, committed 26240K, reserved 1073152K
  class space    used 3087K, capacity 3150K, committed 3200K, reserved 1048576K
}

Deoptimization events (10 events):
Event: 9.924 Thread 0x000002706618a800 Uncommon trap: reason=unstable_if action=reinterpret pc=0x0000027068695cbc method=org.objectweb.asm.MethodWriter.<init>(Lorg/objectweb/asm/ClassWriter;ILjava/lang/String;Ljava/lang/String;Ljava/lang/String;[Ljava/lang/String;ZZ)V @ 180
Event: 9.924 Thread 0x000002706618a800 Uncommon trap: reason=unstable_if action=reinterpret pc=0x00000270683fdb98 method=org.objectweb.asm.MethodWriter.visitVarInsn(II)V @ 15
Event: 9.924 Thread 0x000002706618a800 Uncommon trap: reason=unstable_if action=reinterpret pc=0x0000027068947b1c method=org.objectweb.asm.MethodWriter.visitMethodInsn(ILjava/lang/String;Ljava/lang/String;Ljava/lang/String;Z)V @ 37
Event: 9.924 Thread 0x000002706618a800 Uncommon trap: reason=unstable_if action=reinterpret pc=0x0000027068624bcc method=org.objectweb.asm.MethodWriter.visitFieldInsn(ILjava/lang/String;Ljava/lang/String;Ljava/lang/String;)V @ 28
Event: 9.924 Thread 0x000002706618a800 Uncommon trap: reason=unstable_if action=reinterpret pc=0x000002706854d364 method=org.objectweb.asm.MethodWriter.visitInsn(I)V @ 24
Event: 9.924 Thread 0x000002706618a800 Uncommon trap: reason=unstable_if action=reinterpret pc=0x0000027068400680 method=org.objectweb.asm.MethodWriter.visitMaxs(II)V @ 627
Event: 9.924 Thread 0x000002706618a800 Uncommon trap: reason=unstable_if action=reinterpret pc=0x000002706870acec method=org.objectweb.asm.MethodWriter.visitTypeInsn(ILjava/lang/String;)V @ 24
Event: 9.947 Thread 0x000002700ab6e000 Uncommon trap: reason=bimorphic action=maybe_recompile pc=0x000002706814612c method=java.net.URL.<init>(Ljava/net/URL;Ljava/lang/String;Ljava/net/URLStreamHandler;)V @ 504
Event: 9.951 Thread 0x000002700ab6e000 Uncommon trap: reason=unstable_if action=reinterpret pc=0x00000270682ebea0 method=java.lang.ThreadLocal.get()Ljava/lang/Object; @ 11
Event: 10.156 Thread 0x000002700ab6e000 Uncommon trap: reason=unstable_if action=reinterpret pc=0x00000270683baa64 method=sun.net.www.MessageHeader.grow()V @ 4

Classes redefined (0 events):
No events

Internal exceptions (10 events):
Event: 10.257 Thread 0x000002700ab70800 Exception <a 'org/lwjgl/LWJGLException'> (0x000000077588f6f8) thrown at [E:\Jenkins\workspace\temp\workspace\build\src\hotspot\src\share\vm\prims\jni.cpp, line 709]
Event: 10.258 Thread 0x000002700ab70800 Exception <a 'org/lwjgl/LWJGLException'> (0x000000077588fc50) thrown at [E:\Jenkins\workspace\temp\workspace\build\src\hotspot\src\share\vm\prims\jni.cpp, line 709]
Event: 10.258 Thread 0x000002700ab70800 Exception <a 'org/lwjgl/LWJGLException'> (0x00000007758901b8) thrown at [E:\Jenkins\workspace\temp\workspace\build\src\hotspot\src\share\vm\prims\jni.cpp, line 709]
Event: 10.258 Thread 0x000002700ab70800 Exception <a 'org/lwjgl/LWJGLException'> (0x00000007758907f8) thrown at [E:\Jenkins\workspace\temp\workspace\build\src\hotspot\src\share\vm\prims\jni.cpp, line 709]
Event: 10.258 Thread 0x000002700ab70800 Exception <a 'org/lwjgl/LWJGLException'> (0x0000000775890e00) thrown at [E:\Jenkins\workspace\temp\workspace\build\src\hotspot\src\share\vm\prims\jni.cpp, line 709]
Event: 10.258 Thread 0x000002700ab70800 Exception <a 'org/lwjgl/LWJGLException'> (0x0000000775891348) thrown at [E:\Jenkins\workspace\temp\workspace\build\src\hotspot\src\share\vm\prims\jni.cpp, line 709]
Event: 10.258 Thread 0x000002700ab70800 Exception <a 'org/lwjgl/LWJGLException'> (0x0000000775891910) thrown at [E:\Jenkins\workspace\temp\workspace\build\src\hotspot\src\share\vm\prims\jni.cpp, line 709]
Event: 10.258 Thread 0x000002700ab70800 Exception <a 'org/lwjgl/LWJGLException'> (0x0000000775891f50) thrown at [E:\Jenkins\workspace\temp\workspace\build\src\hotspot\src\share\vm\prims\jni.cpp, line 709]
Event: 10.258 Thread 0x000002700ab70800 Exception <a 'org/lwjgl/LWJGLException'> (0x0000000775892560) thrown at [E:\Jenkins\workspace\temp\workspace\build\src\hotspot\src\share\vm\prims\jni.cpp, line 709]
Event: 10.258 Thread 0x000002700ab70800 Exception <a 'org/lwjgl/LWJGLException'> (0x0000000775892ad0) thrown at [E:\Jenkins\workspace\temp\workspace\build\src\hotspot\src\share\vm\prims\jni.cpp, line 709]

Events (10 events):
Event: 10.274 Thread 0x000002700ab70800 DEOPT PACKING pc=0x0000027067e54f24 sp=0x000000ec2ecfd860
Event: 10.274 Thread 0x000002700ab70800 DEOPT UNPACKING pc=0x0000027067cc75d8 sp=0x000000ec2ecfd680 mode 1
Event: 10.274 loading class org/lwjgl/openal/OpenALException
Event: 10.274 loading class org/lwjgl/openal/OpenALException done
Event: 10.274 Thread 0x000002700ab70800 DEOPT PACKING pc=0x0000027067eaf2c9 sp=0x000000ec2ecfcb30
Event: 10.274 Thread 0x000002700ab70800 DEOPT UNPACKING pc=0x0000027067cc75d8 sp=0x000000ec2ecfc880 mode 1
Event: 10.274 Thread 0x000002700ab70800 DEOPT PACKING pc=0x0000027067e55194 sp=0x000000ec2ecfcbb0
Event: 10.274 Thread 0x000002700ab70800 DEOPT UNPACKING pc=0x0000027067cc75d8 sp=0x000000ec2ecfc9d0 mode 1
Event: 10.274 Thread 0x000002700ab70800 DEOPT PACKING pc=0x0000027067e54f24 sp=0x000000ec2ecfcd40
Event: 10.274 Thread 0x000002700ab70800 DEOPT UNPACKING pc=0x0000027067cc75d8 sp=0x000000ec2ecfcb60 mode 1


Dynamic libraries:
0x00007ff74c930000 - 0x00007ff74c980000 	C:\Users\milla\.jdks\temurin-1.8.0_402\bin\java.exe
0x00007ffb4bf30000 - 0x00007ffb4c147000 	C:\Windows\SYSTEM32\ntdll.dll
0x00007ffb4ac60000 - 0x00007ffb4ad24000 	C:\Windows\System32\KERNEL32.DLL
0x00007ffb49650000 - 0x00007ffb499f6000 	C:\Windows\System32\KERNELBASE.dll
0x00007ffb4ae10000 - 0x00007ffb4aec3000 	C:\Windows\System32\ADVAPI32.dll
0x00007ffb4b580000 - 0x00007ffb4b627000 	C:\Windows\System32\msvcrt.dll
0x00007ffb4ab80000 - 0x00007ffb4ac28000 	C:\Windows\System32\sechost.dll
0x00007ffb49b20000 - 0x00007ffb49b48000 	C:\Windows\System32\bcrypt.dll
0x00007ffb4a4e0000 - 0x00007ffb4a5f7000 	C:\Windows\System32\RPCRT4.dll
0x00007ffb4a9d0000 - 0x00007ffb4ab7e000 	C:\Windows\System32\USER32.dll
0x00007ffb495a0000 - 0x00007ffb495c6000 	C:\Windows\System32\win32u.dll
0x00007ffb4bbb0000 - 0x00007ffb4bbd9000 	C:\Windows\System32\GDI32.dll
0x00007ffb49a00000 - 0x00007ffb49b18000 	C:\Windows\System32\gdi32full.dll
0x00007ffb49500000 - 0x00007ffb4959a000 	C:\Windows\System32\msvcp_win.dll
0x00007ffb493e0000 - 0x00007ffb494f1000 	C:\Windows\System32\ucrtbase.dll
0x00007ffb31be0000 - 0x00007ffb31e73000 	C:\Windows\WinSxS\amd64_microsoft.windows.common-controls_6595b64144ccf1df_6.0.22621.2506_none_270c5ae97388e100\COMCTL32.dll
0x00007ffb4a910000 - 0x00007ffb4a941000 	C:\Windows\System32\IMM32.DLL
0x00007ffb24b90000 - 0x00007ffb24ba5000 	C:\Users\milla\.jdks\temurin-1.8.0_402\jre\bin\vcruntime140.dll
0x00007ffad4c70000 - 0x00007ffad4d0b000 	C:\Users\milla\.jdks\temurin-1.8.0_402\jre\bin\msvcp140.dll
0x0000000073840000 - 0x0000000074099000 	C:\Users\milla\.jdks\temurin-1.8.0_402\jre\bin\server\jvm.dll
0x00007ffb4a950000 - 0x00007ffb4a958000 	C:\Windows\System32\PSAPI.DLL
0x00007ffb43c80000 - 0x00007ffb43c89000 	C:\Windows\SYSTEM32\WSOCK32.dll
0x00007ffb402b0000 - 0x00007ffb402e4000 	C:\Windows\SYSTEM32\WINMM.dll
0x00007ffb42760000 - 0x00007ffb4276a000 	C:\Windows\SYSTEM32\VERSION.dll
0x00007ffb4b260000 - 0x00007ffb4b2d1000 	C:\Windows\System32\WS2_32.dll
0x00007ffb48270000 - 0x00007ffb48288000 	C:\Windows\SYSTEM32\kernel.appcore.dll
0x00007ffb266d0000 - 0x00007ffb266e0000 	C:\Users\milla\.jdks\temurin-1.8.0_402\jre\bin\verify.dll
0x00007ffb20970000 - 0x00007ffb2099b000 	C:\Users\milla\.jdks\temurin-1.8.0_402\jre\bin\java.dll
0x00007ffadafc0000 - 0x00007ffadaff6000 	C:\Users\milla\.jdks\temurin-1.8.0_402\jre\bin\jdwp.dll
0x00007ffb43c90000 - 0x00007ffb43c99000 	C:\Users\milla\.jdks\temurin-1.8.0_402\jre\bin\npt.dll
0x00007ffb246e0000 - 0x00007ffb246f8000 	C:\Users\milla\.jdks\temurin-1.8.0_402\jre\bin\zip.dll
0x00007ffb49c80000 - 0x00007ffb4a4db000 	C:\Windows\System32\SHELL32.dll
0x00007ffb47180000 - 0x00007ffb47a76000 	C:\Windows\SYSTEM32\windows.storage.dll
0x00007ffb4aed0000 - 0x00007ffb4b259000 	C:\Windows\System32\combase.dll
0x00007ffb47040000 - 0x00007ffb4717e000 	C:\Windows\SYSTEM32\wintypes.dll
0x00007ffb4bab0000 - 0x00007ffb4bba3000 	C:\Windows\System32\SHCORE.dll
0x00007ffb4a610000 - 0x00007ffb4a66e000 	C:\Windows\System32\shlwapi.dll
0x00007ffb491a0000 - 0x00007ffb491c6000 	C:\Windows\SYSTEM32\profapi.dll
0x00007ffb23db0000 - 0x00007ffb23dba000 	C:\Users\milla\.jdks\temurin-1.8.0_402\jre\bin\dt_socket.dll
0x00007ffb486e0000 - 0x00007ffb48749000 	C:\Windows\system32\mswsock.dll
0x00007ffb23da0000 - 0x00007ffb23dad000 	C:\Users\milla\.jdks\temurin-1.8.0_402\jre\bin\management.dll
0x00007ffb1abd0000 - 0x00007ffb1abec000 	C:\Users\milla\.jdks\temurin-1.8.0_402\jre\bin\net.dll
0x00007ffb19560000 - 0x00007ffb19573000 	C:\Users\milla\.jdks\temurin-1.8.0_402\jre\bin\nio.dll
0x00007ffb1bb90000 - 0x00007ffb1bba7000 	C:\Windows\system32\napinsp.dll
0x00007ffb1bb20000 - 0x00007ffb1bb3b000 	C:\Windows\system32\pnrpnsp.dll
0x00007ffb47d50000 - 0x00007ffb47e49000 	C:\Windows\SYSTEM32\DNSAPI.dll
0x00007ffb47ce0000 - 0x00007ffb47d0d000 	C:\Windows\SYSTEM32\IPHLPAPI.DLL
0x00007ffb4ac50000 - 0x00007ffb4ac59000 	C:\Windows\System32\NSI.dll
0x00007ffb1bae0000 - 0x00007ffb1baf1000 	C:\Windows\System32\winrnr.dll
0x00007ffb42bb0000 - 0x00007ffb42bc5000 	C:\Windows\system32\wshbth.dll
0x00007ffb1ba90000 - 0x00007ffb1bab1000 	C:\Windows\system32\nlansp_c.dll
0x00007ffb3c8f0000 - 0x00007ffb3c8fa000 	C:\Windows\System32\rasadhlp.dll
0x00007ffb41c00000 - 0x00007ffb41c83000 	C:\Windows\System32\fwpuclnt.dll
0x0000000180000000 - 0x0000000180051000 	C:\Users\milla\.gradle\caches\minecraft\net\minecraft\minecraft_natives\1.7.10\lwjgl64.dll
0x00007ffaebea0000 - 0x00007ffaebfa0000 	C:\Windows\SYSTEM32\OPENGL32.dll
0x00007ffb244c0000 - 0x00007ffb244ed000 	C:\Windows\SYSTEM32\GLU32.dll
0x00007ffb468a0000 - 0x00007ffb468d9000 	C:\Windows\SYSTEM32\dxcore.dll
0x00007ffb48b20000 - 0x00007ffb48b3b000 	C:\Windows\SYSTEM32\CRYPTSP.dll
0x00007ffb481d0000 - 0x00007ffb48205000 	C:\Windows\system32\rsaenh.dll
0x00007ffb48780000 - 0x00007ffb487ac000 	C:\Windows\SYSTEM32\USERENV.dll
0x00007ffb495d0000 - 0x00007ffb4964a000 	C:\Windows\System32\bcryptprimitives.dll
0x00007ffb48b00000 - 0x00007ffb48b0c000 	C:\Windows\SYSTEM32\CRYPTBASE.dll
0x00007ffb42c10000 - 0x00007ffb42c29000 	C:\Windows\SYSTEM32\dhcpcsvc6.DLL
0x00007ffb42bf0000 - 0x00007ffb42c0f000 	C:\Windows\SYSTEM32\dhcpcsvc.DLL
0x00007ffad2b90000 - 0x00007ffad2d24000 	C:\Users\milla\.jdks\temurin-1.8.0_402\jre\bin\awt.dll
0x00007ffb4ad30000 - 0x00007ffb4ae07000 	C:\Windows\System32\OLEAUT32.dll
0x00007ffb465d0000 - 0x00007ffb46667000 	C:\Windows\SYSTEM32\apphelp.dll
0x00007ffb356b0000 - 0x00007ffb3576c000 	C:\Windows\SYSTEM32\mscms.dll
0x00007ffb467a0000 - 0x00007ffb4684b000 	C:\Windows\system32\uxtheme.dll
0x00007ffb4bd00000 - 0x00007ffb4be51000 	C:\Windows\System32\MSCTF.dll
0x00007ffb4bbe0000 - 0x00007ffb4bc90000 	C:\Windows\System32\clbcatq.dll
0x00007ffabbcd0000 - 0x00007ffabe967000 	C:\Windows\System32\DriverStore\FileRepository\nvmdig.inf_amd64_a3a35b9b20ddd8f1\nvoglv64.dll
0x00007ffb4b630000 - 0x00007ffb4baa4000 	C:\Windows\System32\SETUPAPI.dll
0x00007ffb4b3e0000 - 0x00007ffb4b580000 	C:\Windows\System32\ole32.dll
0x00007ffb48020000 - 0x00007ffb48034000 	C:\Windows\SYSTEM32\WTSAPI32.dll
0x00007ffb48f10000 - 0x00007ffb48f22000 	C:\Windows\SYSTEM32\msasn1.dll
0x00007ffb42720000 - 0x00007ffb42752000 	C:\Windows\SYSTEM32\cryptnet.dll
0x00007ffb49270000 - 0x00007ffb493d6000 	C:\Windows\System32\CRYPT32.dll
0x00007ffb42250000 - 0x00007ffb423a8000 	C:\Windows\SYSTEM32\drvstore.dll
0x00007ffb48f30000 - 0x00007ffb48f5c000 	C:\Windows\SYSTEM32\devobj.dll
0x00007ffb48f60000 - 0x00007ffb48fae000 	C:\Windows\SYSTEM32\cfgmgr32.dll
0x00007ffb48a50000 - 0x00007ffb48a9b000 	C:\Windows\SYSTEM32\wldp.dll
0x00007ffb49b50000 - 0x00007ffb49bbb000 	C:\Windows\System32\WINTRUST.dll
0x00007ffb48290000 - 0x00007ffb482c4000 	C:\Windows\SYSTEM32\ntmarta.dll
0x00007ffb4a960000 - 0x00007ffb4a97f000 	C:\Windows\System32\imagehlp.dll
0x00007ffb48750000 - 0x00007ffb48776000 	C:\Windows\SYSTEM32\gpapi.dll
0x00007ffb323c0000 - 0x00007ffb345dd000 	C:\Windows\System32\DriverStore\FileRepository\nvmdig.inf_amd64_a3a35b9b20ddd8f1\nvgpucomp64.dll
0x00007ffabb9f0000 - 0x00007ffabbcc1000 	C:\Windows\system32\nvspcap64.dll
0x00007ffb46bd0000 - 0x00007ffb46bfb000 	C:\Windows\SYSTEM32\dwmapi.dll
0x00007ffb39680000 - 0x00007ffb397ca000 	C:\Windows\SYSTEM32\textinputframework.dll
0x00007ffb46320000 - 0x00007ffb46454000 	C:\Windows\SYSTEM32\CoreMessaging.dll
0x00007ffb3f950000 - 0x00007ffb3fcbc000 	C:\Windows\SYSTEM32\CoreUIComponents.dll
0x00007ffad9f30000 - 0x00007ffad9f79000 	C:\Windows\SYSTEM32\icm32.dll
0x00007ffb48a00000 - 0x00007ffb48a4d000 	C:\Windows\SYSTEM32\powrprof.dll
0x00007ffb489e0000 - 0x00007ffb489f3000 	C:\Windows\SYSTEM32\UMPDC.dll
0x00007ffb488e0000 - 0x00007ffb48946000 	C:\Windows\SYSTEM32\WINSTA.dll
0x0000000070a40000 - 0x0000000070adc000 	C:\Users\milla\.gradle\caches\minecraft\net\minecraft\minecraft_natives\1.7.10\avutil-ttv-51.dll
0x0000000065980000 - 0x00000000659d6000 	C:\Users\milla\.gradle\caches\minecraft\net\minecraft\minecraft_natives\1.7.10\swresample-ttv-0.dll
0x000000006eb80000 - 0x000000006ec50000 	C:\Users\milla\.gradle\caches\minecraft\net\minecraft\minecraft_natives\1.7.10\libmp3lame-ttv.dll
0x00007ffaba640000 - 0x00007ffabb9e4000 	C:\Users\milla\.gradle\caches\minecraft\net\minecraft\minecraft_natives\1.7.10\libmfxsw64.dll
0x00007ffabf860000 - 0x00007ffabf98b000 	C:\Users\milla\.gradle\caches\minecraft\net\minecraft\minecraft_natives\1.7.10\twitchsdk.dll
0x00007ffb23260000 - 0x00007ffb23754000 	C:\Windows\SYSTEM32\WININET.dll
0x0000027015710000 - 0x0000027015774000 	C:\Users\milla\.gradle\caches\minecraft\net\minecraft\minecraft_natives\1.7.10\OpenAL64.dll
0x00007ffb41b60000 - 0x00007ffb41bfd000 	C:\Windows\System32\MMDevApi.dll
0x00007ffaea590000 - 0x00007ffaea632000 	C:\Windows\SYSTEM32\dsound.dll
0x00007ffaea1d0000 - 0x00007ffaea281000 	C:\Windows\SYSTEM32\ResampleDmo.DLL
0x00007ffaea560000 - 0x00007ffaea589000 	C:\Windows\SYSTEM32\winmmbase.dll
0x00007ffaebfa0000 - 0x00007ffaebfab000 	C:\Windows\SYSTEM32\msdmo.dll
0x00007ffb3ae10000 - 0x00007ffb3affc000 	C:\Windows\SYSTEM32\AUDIOSES.DLL
0x00007ffb3c900000 - 0x00007ffb3cb33000 	C:\Windows\SYSTEM32\dbghelp.dll

VM Arguments:
jvm_args: -agentlib:jdwp=transport=dt_socket,server=n,suspend=y,address=127.0.0.1:52959 -Dfile.encoding=windows-1251 -Duser.country=RU -Duser.language=ru -Duser.variant 
java_command: GradleStart
java_class_path (initial): C:\Users\milla\.gradle\caches\minecraft\net\minecraftforge\forge\1.7.10-10.13.4.1614-1.7.10\start;C:\Users\milla\.gradle\caches\minecraft\net\minecraftforge\forge\1.7.10-10.13.4.1614-1.7.10\forgeSrc-1.7.10-10.13.4.1614-1.7.10.jar;C:\Users\milla\.gradle\caches\modules-2\files-2.1\net.minecraft\launchwrapper\1.12\111e7bea9c968cdb3d06ef4632bf7ff0824d0f36\launchwrapper-1.12.jar;C:\Users\milla\.gradle\caches\modules-2\files-2.1\com.google.code.findbugs\jsr305\1.3.9\40719ea6961c0cb6afaeb6a921eaa1f6afd4cfdf\jsr305-1.3.9.jar;C:\Users\milla\.gradle\caches\modules-2\files-2.1\org.ow2.asm\asm-debug-all\5.0.3\f9e364ae2a66ce2a543012a4668856e84e5dab74\asm-debug-all-5.0.3.jar;C:\Users\milla\.gradle\caches\modules-2\files-2.1\com.typesafe.akka\akka-actor_2.11\2.3.3\ed62e9fc709ca0f2ff1a3220daa8b70a2870078e\akka-actor_2.11-2.3.3.jar;C:\Users\milla\.gradle\caches\modules-2\files-2.1\com.typesafe\config\1.2.1\f771f71fdae3df231bcd54d5ca2d57f0bf93f467\config-1.2.1.jar;C:\Users\milla\.gradle\caches\modules-2\files-2.1\org.scala-lang\scala-actors-migration_2.11\1.1.0\dfa8bc42b181d5b9f1a5dd147f8ae308b893eb6f\scala-actors-migration_2.11-1.1.0.jar;C:\Users\milla\.gradle\caches\modules-2\files-2.1\org.scala-lang.plugins\scala-continuations-plugin_2.11.1\1.0.2\f361a3283452c57fa30c1ee69448995de23c60f7\scala-continuations-plugin_2.11.1-1.0.2.jar;C:\Users\milla\.gradle\caches\modules-2\files-2.1\org.scala-lang\scala-compiler\2.11.1\56ea2e6c025e0821f28d73ca271218b8dd04926a\scala-compiler-2.11.1.jar;C:\Users\milla\.gradle\caches\modules-2\files-2.1\org.scala-lang.plugins\scala-continuations-library_2.11\1.0.2\e517c53a7e9acd6b1668c5a35eccbaa3bab9aac\scala-continuations-library_2.11-1.0.2.jar;C:\Users\milla\.gradle\caches\modules-2\files-2.1\org.scala-lang\scala-reflect\2.11.1\6580347e61cc7f8e802941e7fde40fa83b8badeb\scala-reflect-2.11.1.jar;C:\Users\milla\.gradle\caches\modules-2\files-2.1\org.scala-lang\scala-actors\2.11.0\8ccfb6541de179bb1c4d45cf414acee069b7f78b\scala-a
Launcher Type: SUN_STANDARD

Environment Variables:
PATH=C:\Program Files (x86)\Common Files\Oracle\Java\javapath;C:\Windows\system32;C:\Windows;C:\Windows\System32\Wbem;C:\Windows\System32\WindowsPowerShell\v1.0\;C:\Windows\System32\OpenSSH\;C:\Program Files\WireGuard\;C:\Program Files (x86)\NVIDIA Corporation\PhysX\Common;C:\Program Files\NVIDIA Corporation\NVIDIA NvDLISR;C:\Program Files\nodejs\;C:\Program Files\java\jdk1.8.0_202\bin\;C:\Users\milla\AppData\Local\Programs\Python\Launcher\;C:\Users\milla\AppData\Local\Microsoft\WindowsApps;C:\Users\milla\AppData\Roaming\npm
USERNAME=milla
OS=Windows_NT
PROCESSOR_IDENTIFIER=Intel64 Family 6 Model 165 Stepping 3, GenuineIntel



---------------  S Y S T E M  ---------------

OS: Windows 11 , 64 bit Build 22621 (10.0.22621.3085)

CPU:total 12 (initial active 12) (6 cores per cpu, 2 threads per core) family 6 model 165 stepping 3, cmov, cx8, fxsr, mmx, sse, sse2, sse3, ssse3, sse4.1, sse4.2, popcnt, avx, avx2, aes, clmul, erms, 3dnowpref, lzcnt, ht, tsc, tscinvbit, bmi1, bmi2, adx

Memory: 4k page, physical 16645632k(6213540k free), swap 21626368k(7242820k free)

vm_info: OpenJDK 64-Bit Server VM (25.402-b06) for windows-amd64 JRE (1.8.0_402-b06), built on Jan 16 2024 21:53:06 by "jenkins" with MS VC++ 15.9 (VS2017)

time: Sat Mar  9 11:47:22 2024
timezone: RTZ 2 ( Family 6 Model 165 Stepping 3, GenuineIntel
elapsed time: 10.309647 seconds (0d 0h 0m 10s)

